<?xml version="1.0" ?>
<!DOCTYPE coverage SYSTEM "http://cobertura.sourceforge.net/xml/coverage-04.dtd">
<coverage lines-valid="172" lines-covered="170" line-rate="0.9883" branches-valid="61" branches-covered="55" branch-rate="0.9016" timestamp="1657804515419" complexity="0" version="0.1">
  <sources>
    <source>/home/runner/work/umami-api-client/umami-api-client</source>
  </sources>
  <packages>
    <package name="main" line-rate="0.9883" branch-rate="0.9016">
      <classes>
        <class name="UmamiClient.js" filename="src/UmamiClient.js" line-rate="0.9883" branch-rate="0.9016">
          <methods>
            <method name="UmamiClient" hits="3" signature="()V">
              <lines>
                <line number="13" hits="3"/>
              </lines>
            </method>
            <method name="login" hits="2" signature="()V">
              <lines>
                <line number="19" hits="2"/>
              </lines>
            </method>
            <method name="getSites" hits="2" signature="()V">
              <lines>
                <line number="30" hits="2"/>
              </lines>
            </method>
            <method name="selectSiteByDomain" hits="6" signature="()V">
              <lines>
                <line number="40" hits="6"/>
              </lines>
            </method>
            <method name="getWebSiteDataForAPeriod" hits="19" signature="()V">
              <lines>
                <line number="53" hits="19"/>
              </lines>
            </method>
            <method name="getStatsForLast24h" hits="1" signature="()V">
              <lines>
                <line number="69" hits="1"/>
              </lines>
            </method>
            <method name="getStats" hits="8" signature="()V">
              <lines>
                <line number="72" hits="8"/>
              </lines>
            </method>
            <method name="getPageViewsForLast24h" hits="1" signature="()V">
              <lines>
                <line number="80" hits="1"/>
              </lines>
            </method>
            <method name="getPageViews" hits="2" signature="()V">
              <lines>
                <line number="83" hits="2"/>
              </lines>
            </method>
            <method name="getEventsForLast24h" hits="1" signature="()V">
              <lines>
                <line number="91" hits="1"/>
              </lines>
            </method>
            <method name="getEvents" hits="4" signature="()V">
              <lines>
                <line number="94" hits="4"/>
              </lines>
            </method>
            <method name="getMetricsForLast24h" hits="2" signature="()V">
              <lines>
                <line number="102" hits="2"/>
              </lines>
            </method>
            <method name="getMetrics" hits="5" signature="()V">
              <lines>
                <line number="105" hits="5"/>
              </lines>
            </method>
            <method name="_assumeUmamiServer" hits="3" signature="()V">
              <lines>
                <line number="109" hits="3"/>
              </lines>
            </method>
            <method name="isObject" hits="15" signature="()V">
              <lines>
                <line number="120" hits="15"/>
              </lines>
            </method>
            <method name="isSet" hits="75" signature="()V">
              <lines>
                <line number="121" hits="75"/>
              </lines>
            </method>
            <method name="isNotEmptyArray" hits="6" signature="()V">
              <lines>
                <line number="122" hits="6"/>
              </lines>
            </method>
            <method name="arrayIncludesAllOf" hits="19" signature="()V">
              <lines>
                <line number="123" hits="19"/>
              </lines>
            </method>
            <method name="isUmamiSiteData" hits="24" signature="()V">
              <lines>
                <line number="124" hits="24"/>
              </lines>
            </method>
            <method name="rethrow" hits="0" signature="()V">
              <lines>
                <line number="125" hits="0"/>
              </lines>
            </method>
            <method name="assumeResponseSuccess" hits="17" signature="()V">
              <lines>
                <line number="126" hits="17"/>
              </lines>
            </method>
            <method name="givenAuthData" hits="21" signature="()V">
              <lines>
                <line number="131" hits="21"/>
              </lines>
            </method>
            <method name="givenAuthAndSiteData" hits="19" signature="()V">
              <lines>
                <line number="136" hits="19"/>
              </lines>
            </method>
            <method name="buildPeriodOptions" hits="14" signature="()V">
              <lines>
                <line number="150" hits="14"/>
              </lines>
            </method>
            <method name="enrichOptionsWithPeriod" hits="15" signature="()V">
              <lines>
                <line number="156" hits="15"/>
              </lines>
            </method>
          </methods>
          <lines>
            <line number="1" hits="1" branch="true" condition-coverage="100% (1/1)"/>
            <line number="2" hits="1" branch="false"/>
            <line number="3" hits="1" branch="false"/>
            <line number="4" hits="1" branch="false"/>
            <line number="5" hits="1" branch="false"/>
            <line number="6" hits="1" branch="false"/>
            <line number="7" hits="1" branch="false"/>
            <line number="8" hits="1" branch="false"/>
            <line number="9" hits="1" branch="false"/>
            <line number="10" hits="1" branch="false"/>
            <line number="11" hits="1" branch="false"/>
            <line number="12" hits="1" branch="false"/>
            <line number="13" hits="1" branch="true" condition-coverage="100% (1/1)"/>
            <line number="14" hits="3" branch="true" condition-coverage="100% (4/4)"/>
            <line number="15" hits="3" branch="false"/>
            <line number="16" hits="3" branch="true" condition-coverage="0% (0/1)"/>
            <line number="17" hits="3" branch="false"/>
            <line number="18" hits="1" branch="false"/>
            <line number="19" hits="1" branch="true" condition-coverage="100% (1/1)"/>
            <line number="20" hits="2" branch="false"/>
            <line number="21" hits="2" branch="false"/>
            <line number="22" hits="2" branch="false"/>
            <line number="23" hits="2" branch="false"/>
            <line number="24" hits="2" branch="false"/>
            <line number="25" hits="1" branch="true" condition-coverage="100% (1/1)"/>
            <line number="26" hits="2" branch="true" condition-coverage="0% (0/1)"/>
            <line number="27" hits="2" branch="false"/>
            <line number="28" hits="2" branch="false"/>
            <line number="29" hits="1" branch="false"/>
            <line number="30" hits="1" branch="true" condition-coverage="100% (1/1)"/>
            <line number="31" hits="2" branch="false"/>
            <line number="32" hits="2" branch="false"/>
            <line number="33" hits="2" branch="false"/>
            <line number="34" hits="1" branch="true" condition-coverage="100% (1/1)"/>
            <line number="35" hits="1" branch="false"/>
            <line number="36" hits="2" branch="true" condition-coverage="0% (0/1)"/>
            <line number="37" hits="2" branch="false"/>
            <line number="38" hits="2" branch="false"/>
            <line number="39" hits="1" branch="false"/>
            <line number="40" hits="1" branch="true" condition-coverage="100% (1/1)"/>
            <line number="41" hits="6" branch="true" condition-coverage="100% (1/1)"/>
            <line number="42" hits="1" branch="false"/>
            <line number="43" hits="1" branch="false"/>
            <line number="44" hits="6" branch="true" condition-coverage="100% (2/2)"/>
            <line number="45" hits="1" branch="false"/>
            <line number="46" hits="1" branch="false"/>
            <line number="47" hits="6" branch="true" condition-coverage="100% (2/2)"/>
            <line number="48" hits="2" branch="false"/>
            <line number="49" hits="2" branch="false"/>
            <line number="50" hits="2" branch="true" condition-coverage="100% (1/1)"/>
            <line number="51" hits="6" branch="false"/>
            <line number="52" hits="1" branch="false"/>
            <line number="53" hits="1" branch="true" condition-coverage="100% (1/1)"/>
            <line number="54" hits="19" branch="false"/>
            <line number="55" hits="19" branch="false"/>
            <line number="56" hits="19" branch="false"/>
            <line number="57" hits="19" branch="true" condition-coverage="0% (0/1)"/>
            <line number="58" hits="19" branch="false"/>
            <line number="59" hits="14" branch="true" condition-coverage="100% (1/1)"/>
            <line number="60" hits="14" branch="false"/>
            <line number="61" hits="19" branch="true" condition-coverage="0% (0/1)"/>
            <line number="62" hits="19" branch="false"/>
            <line number="63" hits="19" branch="false"/>
            <line number="64" hits="1" branch="false"/>
            <line number="65" hits="1" branch="false"/>
            <line number="66" hits="1" branch="false"/>
            <line number="67" hits="1" branch="false"/>
            <line number="68" hits="1" branch="false"/>
            <line number="69" hits="1" branch="true" condition-coverage="100% (1/1)"/>
            <line number="70" hits="1" branch="false"/>
            <line number="71" hits="1" branch="false"/>
            <line number="72" hits="1" branch="true" condition-coverage="100% (1/1)"/>
            <line number="73" hits="8" branch="false"/>
            <line number="74" hits="8" branch="false"/>
            <line number="75" hits="1" branch="false"/>
            <line number="76" hits="1" branch="false"/>
            <line number="77" hits="1" branch="false"/>
            <line number="78" hits="1" branch="false"/>
            <line number="79" hits="1" branch="false"/>
            <line number="80" hits="1" branch="true" condition-coverage="100% (1/1)"/>
            <line number="81" hits="1" branch="false"/>
            <line number="82" hits="1" branch="false"/>
            <line number="83" hits="1" branch="true" condition-coverage="100% (1/1)"/>
            <line number="84" hits="2" branch="false"/>
            <line number="85" hits="2" branch="false"/>
            <line number="86" hits="1" branch="false"/>
            <line number="87" hits="1" branch="false"/>
            <line number="88" hits="1" branch="false"/>
            <line number="89" hits="1" branch="false"/>
            <line number="90" hits="1" branch="false"/>
            <line number="91" hits="1" branch="true" condition-coverage="100% (1/1)"/>
            <line number="92" hits="1" branch="false"/>
            <line number="93" hits="1" branch="false"/>
            <line number="94" hits="1" branch="true" condition-coverage="100% (1/1)"/>
            <line number="95" hits="4" branch="false"/>
            <line number="96" hits="4" branch="false"/>
            <line number="97" hits="1" branch="false"/>
            <line number="98" hits="1" branch="false"/>
            <line number="99" hits="1" branch="false"/>
            <line number="100" hits="1" branch="false"/>
            <line number="101" hits="1" branch="false"/>
            <line number="102" hits="1" branch="true" condition-coverage="100% (1/1)"/>
            <line number="103" hits="2" branch="false"/>
            <line number="104" hits="2" branch="false"/>
            <line number="105" hits="1" branch="true" condition-coverage="100% (1/1)"/>
            <line number="106" hits="5" branch="false"/>
            <line number="107" hits="5" branch="false"/>
            <line number="108" hits="1" branch="false"/>
            <line number="109" hits="1" branch="true" condition-coverage="100% (1/1)"/>
            <line number="110" hits="3" branch="true" condition-coverage="100% (1/1)"/>
            <line number="111" hits="1" branch="false"/>
            <line number="112" hits="1" branch="false"/>
            <line number="113" hits="3" branch="false"/>
            <line number="114" hits="1" branch="false"/>
            <line number="115" hits="1" branch="false"/>
            <line number="116" hits="1" branch="false"/>
            <line number="117" hits="1" branch="false"/>
            <line number="118" hits="1" branch="false"/>
            <line number="119" hits="1" branch="false"/>
            <line number="120" hits="1" branch="true" condition-coverage="100% (1/1)"/>
            <line number="121" hits="1" branch="true" condition-coverage="100% (2/2)"/>
            <line number="122" hits="1" branch="true" condition-coverage="100% (1/1)"/>
            <line number="123" hits="1" branch="true" condition-coverage="100% (2/2)"/>
            <line number="124" hits="1" branch="true" condition-coverage="100% (2/2)"/>
            <line number="125" hits="1" branch="false"/>
            <line number="126" hits="1" branch="true" condition-coverage="100% (1/1)"/>
            <line number="127" hits="17" branch="true" condition-coverage="100% (1/1)"/>
            <line number="128" hits="1" branch="false"/>
            <line number="129" hits="1" branch="false"/>
            <line number="130" hits="17" branch="false"/>
            <line number="131" hits="1" branch="true" condition-coverage="100% (1/1)"/>
            <line number="132" hits="21" branch="true" condition-coverage="100% (1/1)"/>
            <line number="133" hits="1" branch="false"/>
            <line number="134" hits="1" branch="false"/>
            <line number="135" hits="1" branch="false"/>
            <line number="136" hits="1" branch="true" condition-coverage="100% (1/1)"/>
            <line number="137" hits="19" branch="false"/>
            <line number="138" hits="19" branch="true" condition-coverage="100% (1/1)"/>
            <line number="139" hits="4" branch="false"/>
            <line number="140" hits="4" branch="false"/>
            <line number="141" hits="1" branch="false"/>
            <line number="142" hits="1" branch="false"/>
            <line number="143" hits="1" branch="false"/>
            <line number="144" hits="1" branch="false"/>
            <line number="145" hits="1" branch="false"/>
            <line number="146" hits="1" branch="false"/>
            <line number="147" hits="1" branch="false"/>
            <line number="148" hits="1" branch="false"/>
            <line number="149" hits="1" branch="false"/>
            <line number="150" hits="1" branch="true" condition-coverage="100% (1/1)"/>
            <line number="151" hits="14" branch="false"/>
            <line number="152" hits="14" branch="false"/>
            <line number="153" hits="14" branch="false"/>
            <line number="154" hits="14" branch="false"/>
            <line number="155" hits="14" branch="false"/>
            <line number="156" hits="1" branch="true" condition-coverage="100% (1/1)"/>
            <line number="157" hits="15" branch="true" condition-coverage="0% (0/1)"/>
            <line number="158" hits="0" branch="false"/>
            <line number="159" hits="0" branch="false"/>
            <line number="160" hits="15" branch="true" condition-coverage="100% (1/1)"/>
            <line number="161" hits="1" branch="false"/>
            <line number="162" hits="15" branch="true" condition-coverage="100% (2/2)"/>
            <line number="163" hits="5" branch="false"/>
            <line number="164" hits="14" branch="true" condition-coverage="100% (2/2)"/>
            <line number="165" hits="4" branch="false"/>
            <line number="166" hits="9" branch="true" condition-coverage="100% (2/2)"/>
            <line number="167" hits="2" branch="false"/>
            <line number="168" hits="5" branch="true" condition-coverage="100% (2/2)"/>
            <line number="169" hits="2" branch="false"/>
            <line number="170" hits="2" branch="false"/>
            <line number="171" hits="1" branch="true" condition-coverage="100% (1/1)"/>
            <line number="172" hits="15" branch="false"/>
          </lines>
        </class>
      </classes>
    </package>
  </packages>
</coverage>
