TN:
SF:src/UmamiClient.js
FN:10,debugClient
FN:16,debugResponse
FN:21,debugRequest
FN:33,UmamiClient
FN:40,login
FN:52,getSites
FN:62,selectSiteByDomain
FN:75,getWebSiteDataForAPeriod
FN:91,getStatsForLast24h
FN:95,getStats
FN:103,getPageViewsForLast24h
FN:107,getPageViews
FN:115,getEventsForLast24h
FN:119,getEvents
FN:127,getMetricsForLast24h
FN:131,getMetrics
FN:135,_assumeUmamiServer
FN:146,isObject
FN:147,isSet
FN:148,isNotEmptyArray
FN:149,arrayIncludesAllOf
FN:150,isUmamiSiteData
FN:151,rethrow
FN:154,assumeResponseSuccess
FN:159,givenAuthData
FN:164,givenAuthAndSiteData
FN:178,buildPeriodOptions
FN:184,enrichOptionsWithPeriod
FNF:28
FNH:27
FNDA:2,debugClient
FNDA:16,debugResponse
FNDA:14,debugRequest
FNDA:3,UmamiClient
FNDA:2,login
FNDA:2,getSites
FNDA:6,selectSiteByDomain
FNDA:19,getWebSiteDataForAPeriod
FNDA:1,getStatsForLast24h
FNDA:8,getStats
FNDA:1,getPageViewsForLast24h
FNDA:2,getPageViews
FNDA:1,getEventsForLast24h
FNDA:4,getEvents
FNDA:2,getMetricsForLast24h
FNDA:5,getMetrics
FNDA:3,_assumeUmamiServer
FNDA:15,isObject
FNDA:77,isSet
FNDA:6,isNotEmptyArray
FNDA:19,arrayIncludesAllOf
FNDA:24,isUmamiSiteData
FNDA:0,rethrow
FNDA:17,assumeResponseSuccess
FNDA:21,givenAuthData
FNDA:19,givenAuthAndSiteData
FNDA:14,buildPeriodOptions
FNDA:15,enrichOptionsWithPeriod
DA:1,1
DA:2,1
DA:3,1
DA:4,1
DA:5,1
DA:6,1
DA:7,1
DA:8,1
DA:9,1
DA:10,1
DA:11,2
DA:12,0
DA:13,0
DA:14,1
DA:15,1
DA:16,1
DA:17,16
DA:18,0
DA:19,0
DA:20,1
DA:21,1
DA:22,14
DA:23,0
DA:24,0
DA:25,1
DA:26,1
DA:27,1
DA:28,1
DA:29,1
DA:30,1
DA:31,1
DA:32,1
DA:33,1
DA:34,3
DA:35,3
DA:36,3
DA:37,3
DA:38,3
DA:39,1
DA:40,1
DA:41,2
DA:42,2
DA:43,2
DA:44,2
DA:45,2
DA:46,2
DA:47,1
DA:48,1
DA:49,1
DA:50,2
DA:51,1
DA:52,1
DA:53,2
DA:54,2
DA:55,2
DA:56,1
DA:57,1
DA:58,1
DA:59,1
DA:60,2
DA:61,1
DA:62,1
DA:63,6
DA:64,1
DA:65,1
DA:66,6
DA:67,1
DA:68,1
DA:69,6
DA:70,2
DA:71,2
DA:72,2
DA:73,6
DA:74,1
DA:75,1
DA:76,19
DA:77,19
DA:78,19
DA:79,19
DA:80,19
DA:81,14
DA:82,14
DA:83,14
DA:84,14
DA:85,19
DA:86,1
DA:87,1
DA:88,1
DA:89,1
DA:90,1
DA:91,1
DA:92,1
DA:93,1
DA:94,1
DA:95,1
DA:96,8
DA:97,8
DA:98,1
DA:99,1
DA:100,1
DA:101,1
DA:102,1
DA:103,1
DA:104,1
DA:105,1
DA:106,1
DA:107,1
DA:108,2
DA:109,2
DA:110,1
DA:111,1
DA:112,1
DA:113,1
DA:114,1
DA:115,1
DA:116,1
DA:117,1
DA:118,1
DA:119,1
DA:120,4
DA:121,4
DA:122,1
DA:123,1
DA:124,1
DA:125,1
DA:126,1
DA:127,1
DA:128,2
DA:129,2
DA:130,1
DA:131,1
DA:132,5
DA:133,5
DA:134,1
DA:135,1
DA:136,3
DA:137,1
DA:138,1
DA:139,3
DA:140,1
DA:141,1
DA:142,1
DA:143,1
DA:144,1
DA:145,1
DA:146,1
DA:147,1
DA:148,1
DA:149,1
DA:150,1
DA:151,1
DA:152,0
DA:153,1
DA:154,1
DA:155,17
DA:156,1
DA:157,1
DA:158,1
DA:159,1
DA:160,21
DA:161,1
DA:162,1
DA:163,1
DA:164,1
DA:165,19
DA:166,19
DA:167,4
DA:168,4
DA:169,1
DA:170,1
DA:171,1
DA:172,1
DA:173,1
DA:174,1
DA:175,1
DA:176,1
DA:177,1
DA:178,1
DA:179,14
DA:180,14
DA:181,14
DA:182,14
DA:183,1
DA:184,1
DA:185,15
DA:186,0
DA:187,0
DA:188,15
DA:189,1
DA:190,15
DA:191,5
DA:192,14
DA:193,4
DA:194,9
DA:195,2
DA:196,5
DA:197,2
DA:198,2
DA:199,1
DA:200,1
LF:200
LH:191
BRDA:1,0,0,1
BRDA:10,1,0,2
BRDA:11,2,0,0
BRDA:16,3,0,16
BRDA:17,4,0,0
BRDA:21,5,0,14
BRDA:22,6,0,0
BRDA:33,7,0,3
BRDA:35,8,0,1
BRDA:35,9,0,2
BRDA:35,10,0,1
BRDA:35,11,0,1
BRDA:40,12,0,2
BRDA:47,13,0,1
BRDA:52,14,0,2
BRDA:56,15,0,1
BRDA:62,16,0,6
BRDA:63,17,0,1
BRDA:66,18,0,5
BRDA:66,19,0,1
BRDA:69,20,0,4
BRDA:69,21,0,2
BRDA:72,22,0,2
BRDA:75,23,0,19
BRDA:81,24,0,14
BRDA:91,25,0,1
BRDA:95,26,0,8
BRDA:103,27,0,1
BRDA:107,28,0,2
BRDA:115,29,0,1
BRDA:119,30,0,4
BRDA:127,31,0,2
BRDA:131,32,0,5
BRDA:135,33,0,3
BRDA:136,34,0,1
BRDA:146,35,0,15
BRDA:147,36,0,77
BRDA:147,37,0,76
BRDA:147,38,0,75
BRDA:148,39,0,6
BRDA:149,40,0,19
BRDA:149,41,0,76
BRDA:150,42,0,24
BRDA:150,43,0,19
BRDA:154,44,0,17
BRDA:155,45,0,1
BRDA:159,46,0,21
BRDA:160,47,0,1
BRDA:164,48,0,19
BRDA:166,49,0,4
BRDA:178,50,0,14
BRDA:184,51,0,15
BRDA:185,52,0,0
BRDA:188,53,0,1
BRDA:190,54,0,14
BRDA:190,55,0,5
BRDA:192,56,0,9
BRDA:192,57,0,4
BRDA:194,58,0,5
BRDA:194,59,0,2
BRDA:196,60,0,3
BRDA:196,61,0,2
BRDA:199,62,0,1
BRF:63
BRH:59
end_of_record
