TN:
SF:src/UmamiClient.js
FN:13,UmamiClient
FN:19,login
FN:30,getSites
FN:40,selectSiteByDomain
FN:53,getStatsForLast24h
FN:70,_assumeUmamiServer
FN:80,isSet
FN:81,isNotEmptyArray
FN:82,arrayIncludesAllOf
FN:83,isUmamiSiteData
FN:84,rethrow
FN:85,assumeResponseSuccess
FN:90,givenAuthData
FNF:13
FNH:12
FNDA:3,UmamiClient
FNDA:2,login
FNDA:2,getSites
FNDA:5,selectSiteByDomain
FNDA:2,getStatsForLast24h
FNDA:3,_assumeUmamiServer
FNDA:22,isSet
FNDA:5,isNotEmptyArray
FNDA:6,arrayIncludesAllOf
FNDA:6,isUmamiSiteData
FNDA:0,rethrow
FNDA:4,assumeResponseSuccess
FNDA:4,givenAuthData
DA:1,1
DA:2,1
DA:3,1
DA:4,1
DA:5,1
DA:6,1
DA:7,1
DA:8,1
DA:9,1
DA:10,1
DA:11,1
DA:12,1
DA:13,1
DA:14,3
DA:15,3
DA:16,3
DA:17,3
DA:18,1
DA:19,1
DA:20,2
DA:21,2
DA:22,2
DA:23,2
DA:24,2
DA:25,1
DA:26,2
DA:27,2
DA:28,2
DA:29,1
DA:30,1
DA:31,2
DA:32,2
DA:33,2
DA:34,1
DA:35,1
DA:36,2
DA:37,2
DA:38,2
DA:39,1
DA:40,1
DA:41,5
DA:42,1
DA:43,1
DA:44,5
DA:45,1
DA:46,1
DA:47,5
DA:48,2
DA:49,2
DA:50,1
DA:51,5
DA:52,1
DA:53,1
DA:54,2
DA:55,2
DA:56,1
DA:57,1
DA:58,1
DA:59,1
DA:60,1
DA:61,1
DA:62,2
DA:63,2
DA:64,1
DA:65,1
DA:66,2
DA:67,2
DA:68,2
DA:69,1
DA:70,1
DA:71,3
DA:72,1
DA:73,1
DA:74,3
DA:75,1
DA:76,1
DA:77,1
DA:78,1
DA:79,1
DA:80,1
DA:81,1
DA:82,1
DA:83,1
DA:84,1
DA:85,1
DA:86,4
DA:87,1
DA:88,1
DA:89,4
DA:90,1
DA:91,4
DA:92,1
DA:93,1
DA:94,1
LF:94
LH:94
BRDA:1,0,0,1
BRDA:13,1,0,3
BRDA:14,2,0,1
BRDA:14,3,0,2
BRDA:14,4,0,1
BRDA:14,5,0,1
BRDA:16,6,0,0
BRDA:19,7,0,2
BRDA:25,8,0,1
BRDA:26,9,0,0
BRDA:30,10,0,2
BRDA:34,11,0,1
BRDA:36,12,0,0
BRDA:40,13,0,5
BRDA:41,14,0,1
BRDA:44,15,0,4
BRDA:44,16,0,1
BRDA:47,17,0,3
BRDA:47,18,0,2
BRDA:50,19,0,1
BRDA:50,20,0,1
BRDA:53,21,0,2
BRDA:55,22,0,1
BRDA:62,23,0,0
BRDA:64,24,0,1
BRDA:66,25,0,0
BRDA:70,26,0,3
BRDA:71,27,0,1
BRDA:80,28,0,22
BRDA:80,29,0,21
BRDA:81,30,0,5
BRDA:82,31,0,6
BRDA:82,32,0,22
BRDA:83,33,0,6
BRDA:85,34,0,4
BRDA:86,35,0,1
BRDA:90,36,0,4
BRDA:91,37,0,1
BRF:38
BRH:33
end_of_record
